[0706/180444.327:ERROR:process_info.cc(329)] VirtualQueryEx: Access is denied. (0x5)
[0706/180444.328:ERROR:process_info.cc(556)] ReadMemoryInfo failed
[0706/180444.328:ERROR:scoped_process_suspend.cc(40)] NtResumeProcess: An attempt was made to access an exiting process. (0xc000010a)
[0706/183601.963:ERROR:process_info.cc(329)] VirtualQueryEx: Access is denied. (0x5)
[0706/183601.964:ERROR:process_info.cc(556)] ReadMemoryInfo failed
[0706/183601.965:ERROR:scoped_process_suspend.cc(40)] NtResumeProcess: An attempt was made to access an exiting process. (0xc000010a)
[0706/185929.817:ERROR:process_info.cc(329)] VirtualQueryEx: Access is denied. (0x5)
[0706/185929.819:ERROR:process_info.cc(556)] ReadMemoryInfo failed
[0706/185929.819:ERROR:scoped_process_suspend.cc(40)] NtResumeProcess: An attempt was made to access an exiting process. (0xc000010a)
[0709/123338.275:ERROR:process_info.cc(329)] VirtualQueryEx: Access is denied. (0x5)
[0709/123338.277:ERROR:process_info.cc(556)] ReadMemoryInfo failed
[0709/123338.277:ERROR:scoped_process_suspend.cc(40)] NtResumeProcess: An attempt was made to access an exiting process. (0xc000010a)
[0709/180610.852:ERROR:process_info.cc(329)] VirtualQueryEx: Access is denied. (0x5)
[0709/180610.855:ERROR:process_info.cc(556)] ReadMemoryInfo failed
[0709/180610.855:ERROR:scoped_process_suspend.cc(40)] NtResumeProcess: An attempt was made to access an exiting process. (0xc000010a)
[0709/181719.475:ERROR:process_info.cc(329)] VirtualQueryEx: Access is denied. (0x5)
[0709/181719.476:ERROR:process_info.cc(556)] ReadMemoryInfo failed
[0709/181719.476:ERROR:scoped_process_suspend.cc(40)] NtResumeProcess: An attempt was made to access an exiting process. (0xc000010a)
[0710/090951.259:ERROR:process_info.cc(329)] VirtualQueryEx: Access is denied. (0x5)
[0710/090951.265:ERROR:process_info.cc(556)] ReadMemoryInfo failed
[0710/090951.265:ERROR:process_memory_win.cc(39)] Failed to initialize ProcessInfo.
[0710/090951.266:ERROR:scoped_process_suspend.cc(40)] NtResumeProcess: An attempt was made to access an exiting process. (0xc000010a)
[0717/154837.786:ERROR:process_info.cc(329)] VirtualQueryEx: Access is denied. (0x5)
[0717/154837.791:ERROR:process_info.cc(556)] ReadMemoryInfo failed
[0717/154837.792:ERROR:scoped_process_suspend.cc(40)] NtResumeProcess: An attempt was made to access an exiting process. (0xc000010a)
[0717/180304.135:ERROR:process_info.cc(329)] VirtualQueryEx: Access is denied. (0x5)
[0717/180304.136:ERROR:process_info.cc(556)] ReadMemoryInfo failed
[0717/180304.137:ERROR:scoped_process_suspend.cc(40)] NtResumeProcess: An attempt was made to access an exiting process. (0xc000010a)
[0717/205354.289:ERROR:filesystem_win.cc(148)] DeleteFile C:\Users\M86751\AppData\Local\Temp\scoped_dir118624_323883567\Crashpad\reports\c42d8d40-d9a9-46b7-8acb-3b948e1116dc.dmp: The process cannot access the file because it is being used by another process. (0x20)
[0717/212209.572:ERROR:process_info.cc(359)] UncheckedAllocate
[0717/224331.916:ERROR:filesystem_win.cc(148)] DeleteFile C:\Users\M86751\AppData\Local\Temp\scoped_dir69820_980585781\Crashpad\reports\2d4c8402-feca-4382-ac67-8fe0778ffc53.dmp: The process cannot access the file because it is being used by another process. (0x20)
[0717/225421.400:ERROR:process_info.cc(359)] UncheckedAllocate
[0717/225421.511:ERROR:filesystem_win.cc(148)] DeleteFile C:\Users\M86751\AppData\Local\Temp\scoped_dir39904_3310485\Crashpad\reports\4f1c5621-0759-41f5-99f5-b22ae5320238.dmp: The process cannot access the file because it is being used by another process. (0x20)
[0814/203625.602:ERROR:process_info.cc(329)] VirtualQueryEx: Access is denied. (0x5)
[0814/203625.606:ERROR:process_info.cc(556)] ReadMemoryInfo failed
[0814/203625.607:ERROR:scoped_process_suspend.cc(40)] NtResumeProcess: An attempt was made to access an exiting process. (0xc000010a)
[0814/203625.888:ERROR:process_reader_win.cc(123)] NtOpenThread: {Access Denied} A process has requested access to an object, but has not been granted those access rights. (0xc0000022)
[0814/203625.888:ERROR:exception_snapshot_win.cc(98)] thread ID 46876 not found in process
[0814/210836.922:ERROR:process_info.cc(329)] VirtualQueryEx: Access is denied. (0x5)
[0814/210836.925:ERROR:process_info.cc(556)] ReadMemoryInfo failed
[0814/210836.925:ERROR:scoped_process_suspend.cc(40)] NtResumeProcess: An attempt was made to access an exiting process. (0xc000010a)
[0814/210837.127:ERROR:process_reader_win.cc(123)] NtOpenThread: {Access Denied} A process has requested access to an object, but has not been granted those access rights. (0xc0000022)
[0814/210837.127:ERROR:exception_snapshot_win.cc(98)] thread ID 44264 not found in process
[0814/215544.777:ERROR:process_info.cc(329)] VirtualQueryEx: Access is denied. (0x5)
[0814/215544.780:ERROR:process_info.cc(556)] ReadMemoryInfo failed
[0814/215544.780:ERROR:process_memory_win.cc(39)] Failed to initialize ProcessInfo.
[0814/215544.780:ERROR:scoped_process_suspend.cc(40)] NtResumeProcess: An attempt was made to access an exiting process. (0xc000010a)
[0814/215545.025:ERROR:process_reader_win.cc(123)] NtOpenThread: {Access Denied} A process has requested access to an object, but has not been granted those access rights. (0xc0000022)
[0814/215545.025:ERROR:exception_snapshot_win.cc(98)] thread ID 41364 not found in process
[0821/164049.266:ERROR:process_reader_win.cc(151)] SuspendThread: Access is denied. (0x5)
[0821/164049.269:ERROR:process_reader_win.cc(151)] SuspendThread: Access is denied. (0x5)
[0821/164049.269:ERROR:process_reader_win.cc(151)] SuspendThread: Access is denied. (0x5)
[0821/164049.269:ERROR:process_reader_win.cc(151)] SuspendThread: Access is denied. (0x5)
[0821/164049.269:ERROR:process_reader_win.cc(123)] NtOpenThread: {Access Denied} A process has requested access to an object, but has not been granted those access rights. (0xc0000022)
[0821/164049.271:ERROR:exception_snapshot_win.cc(98)] thread ID 3532 not found in process
